0 info it worked if it ends with ok
1 verbose cli [ 'C:\\Program Files\\nodejs\\node.exe',
1 verbose cli   'C:\\Users\\e313794\\AppData\\Roaming\\npm\\node_modules\\npm\\bin\\npm-cli.js',
1 verbose cli   'start' ]
2 info using npm@3.7.3
3 info using node@v4.2.1
4 verbose run-script [ 'prestart', 'start', 'poststart' ]
5 info lifecycle ateam-wedding@0.0.0~prestart: ateam-wedding@0.0.0
6 verbose lifecycle ateam-wedding@0.0.0~prestart: unsafe-perm in lifecycle true
7 verbose lifecycle ateam-wedding@0.0.0~prestart: PATH: C:\Users\e313794\AppData\Roaming\npm\node_modules\npm\bin\node-gyp-bin;C:\Users\e313794\Documents\STS v3.6.4 Workspace\ateamwedding\node_modules\.bin;C:\Program Files\nodejs;C:\Program Files (x86)\Lockheed Martin\CSM Time Card Reminder\;C:\ProgramData\Oracle\Java\javapath;C:\WINDOWS\system32;C:\WINDOWS;C:\WINDOWS\System32\Wbem;C:\WINDOWS\System32\WindowsPowerShell\v1.0\;C:\WINDOWS\System32\WindowsPowerShell\v1.0\;C:\gradle-2.4\bin;C:\Program Files\Java\jdk1.8.0_45\bin;C:\Program Files (x86)\MySQL\MySQL Fabric 1.5.4 & MySQL Utilities 1.5.4 1.5\;C:\Program Files (x86)\MySQL\MySQL Fabric 1.5.4 & MySQL Utilities 1.5.4 1.5\Doctrine extensions for PHP\;c:\Program Files\TortoiseSVN\bin;C:\Program Files\nodejs\;C:\Users\e313794\AppData\Local\Programs\Git\cmd;C:\DSM\Script;C:\Program Files (x86)\Google\Chrome\Application;C:\WINDOWS\system32;C:\WINDOWS;C:\WINDOWS\System32\Wbem;C:\WINDOWS\System32\WindowsPowerShell\v1.0\;C:\WINDOWS\System32\WindowsPowerShell\v1.0\;C:\DSM\Script;C:\gradle-2.4\bin;C:\Program Files\Java\jdk1.8.0_45\bin;C:\Program Files (x86)\MySQL\MySQL Fabric 1.5.4 & MySQL Utilities 1.5.4 1.5\;C:\Program Files (x86)\MySQL\MySQL Fabric 1.5.4 & MySQL Utilities 1.5.4 1.5\Doctrine extensions for PHP\;c:\Program Files\TortoiseSVN\bin;C:\Program Files\apache-maven-3.3.3\bin;C:\Users\e313794\AppData\Roaming\npm;C:\Users\e313794\AppData\Local\Android\android-sdk\platform-tools;C:\Users\e313794\AppData\Local\Android\android-sdk\tools;C:\apache-ant-1.9.6\bin;C:\Python27\python.exe
8 verbose lifecycle ateam-wedding@0.0.0~prestart: CWD: C:\Users\e313794\Documents\STS v3.6.4 Workspace\ateamwedding
9 silly lifecycle ateam-wedding@0.0.0~prestart: Args: [ '/d /s /c', 'npm install' ]
10 silly lifecycle ateam-wedding@0.0.0~prestart: Returned: code: 1  signal: null
11 info lifecycle ateam-wedding@0.0.0~prestart: Failed to exec prestart script
12 verbose stack Error: ateam-wedding@0.0.0 prestart: `npm install`
12 verbose stack Exit status 1
12 verbose stack     at EventEmitter.<anonymous> (C:\Users\e313794\AppData\Roaming\npm\node_modules\npm\lib\utils\lifecycle.js:239:16)
12 verbose stack     at emitTwo (events.js:87:13)
12 verbose stack     at EventEmitter.emit (events.js:172:7)
12 verbose stack     at ChildProcess.<anonymous> (C:\Users\e313794\AppData\Roaming\npm\node_modules\npm\lib\utils\spawn.js:24:14)
12 verbose stack     at emitTwo (events.js:87:13)
12 verbose stack     at ChildProcess.emit (events.js:172:7)
12 verbose stack     at maybeClose (internal/child_process.js:818:16)
12 verbose stack     at Process.ChildProcess._handle.onexit (internal/child_process.js:211:5)
13 verbose pkgid ateam-wedding@0.0.0
14 verbose cwd C:\Users\e313794\Documents\STS v3.6.4 Workspace\ateamwedding
15 error Windows_NT 6.1.7601
16 error argv "C:\\Program Files\\nodejs\\node.exe" "C:\\Users\\e313794\\AppData\\Roaming\\npm\\node_modules\\npm\\bin\\npm-cli.js" "start"
17 error node v4.2.1
18 error npm  v3.7.3
19 error code ELIFECYCLE
20 error ateam-wedding@0.0.0 prestart: `npm install`
20 error Exit status 1
21 error Failed at the ateam-wedding@0.0.0 prestart script 'npm install'.
21 error Make sure you have the latest version of node.js and npm installed.
21 error If you do, this is most likely a problem with the ateam-wedding package,
21 error not with npm itself.
21 error Tell the author that this fails on your system:
21 error     npm install
21 error You can get information on how to open an issue for this project with:
21 error     npm bugs ateam-wedding
21 error Or if that isn't available, you can get their info via:
21 error     npm owner ls ateam-wedding
21 error There is likely additional logging output above.
22 verbose exit [ 1, true ]
